#
# There is insufficient memory for the Java Runtime Environment to continue.
# Native memory allocation (mmap) failed to map 130023424 bytes for G1 virtual space
# Possible reasons:
#   The system is out of physical RAM or swap space
#   The process is running with CompressedOops enabled, and the Java Heap may be blocking the growth of the native heap
# Possible solutions:
#   Reduce memory load on the system
#   Increase physical memory or swap space
#   Check if swap backing store is full
#   Decrease Java heap size (-Xmx/-Xms)
#   Decrease number of Java threads
#   Decrease Java thread stack sizes (-Xss)
#   Set larger code cache with -XX:ReservedCodeCacheSize=
#   JVM is running with Unscaled Compressed Oops mode in which the Java heap is
#     placed in the first 4GB address space. The Java Heap base address is the
#     maximum limit for the native heap growth. Please use -XX:HeapBaseMinAddress
#     to set the Java Heap base and to place the Java Heap above 4GB virtual address.
# This output file may be truncated or incomplete.
#
#  Out of Memory Error (os_windows.cpp:3552), pid=5600, tid=10444
#
# JRE version:  (17.0.9+11) (build )
# Java VM: Java HotSpot(TM) 64-Bit Server VM (17.0.9+11-LTS-201, mixed mode, sharing, tiered, compressed oops, compressed class ptrs, g1 gc, windows-amd64)
# No core dump will be written. Minidumps are not enabled by default on client versions of Windows
#

---------------  S U M M A R Y ------------

Command Line: -javaagent:C:\Program Files\JetBrains\IntelliJ IDEA Community Edition 2023.3.2\lib\idea_rt.jar=59229:C:\Program Files\JetBrains\IntelliJ IDEA Community Edition 2023.3.2\bin -Dfile.encoding=UTF-8 com.example.DemoApp.DemoAppApplication

Host: 12th Gen Intel(R) Core(TM) i5-1235U, 12 cores, 7G,  Windows 11 , 64 bit Build 22621 (10.0.22621.2506)
Time: Tue Jan 16 14:34:24 2024 Eastern Standard Time elapsed time: 0.036716 seconds (0d 0h 0m 0s)

---------------  T H R E A D  ---------------

Current thread (0x00000233a6de51b0):  JavaThread "Unknown thread" [_thread_in_vm, id=10444, stack(0x00000056ac200000,0x00000056ac300000)]

Stack: [0x00000056ac200000,0x00000056ac300000]
Native frames: (J=compiled Java code, j=interpreted, Vv=VM code, C=native code)
V  [jvm.dll+0x678a4a]
V  [jvm.dll+0x7d9cfd]
V  [jvm.dll+0x7db60e]
V  [jvm.dll+0x7dbc73]
V  [jvm.dll+0x245e1f]
V  [jvm.dll+0x6758f9]
V  [jvm.dll+0x66a2a2]
V  [jvm.dll+0x303686]
V  [jvm.dll+0x30ac06]
V  [jvm.dll+0x35a48e]
V  [jvm.dll+0x35a6bf]
V  [jvm.dll+0x2da678]
V  [jvm.dll+0x2db5e4]
V  [jvm.dll+0x7ab6b1]
V  [jvm.dll+0x368041]
V  [jvm.dll+0x78a749]
V  [jvm.dll+0x3ebd4f]
V  [jvm.dll+0x3ed7d1]
C  [jli.dll+0x5297]
C  [ucrtbase.dll+0x29363]
C  [KERNEL32.DLL+0x1257d]
C  [ntdll.dll+0x5aa58]


---------------  P R O C E S S  ---------------

Threads class SMR info:
_java_thread_list=0x00007ff83fe689d8, length=0, elements={
}

Java Threads: ( => current thread )

Other Threads:
  0x00000233a6e3e2e0 GCTaskThread "GC Thread#0" [stack: 0x00000056ac300000,0x00000056ac400000] [id=16752]
  0x00000233a6e4f950 ConcurrentGCThread "G1 Main Marker" [stack: 0x00000056ac400000,0x00000056ac500000] [id=1592]
  0x00000233a6e50360 ConcurrentGCThread "G1 Conc#0" [stack: 0x00000056ac500000,0x00000056ac600000] [id=9792]

[error occurred during error reporting (printing all threads), id 0xc0000005, EXCEPTION_ACCESS_VIOLATION (0xc0000005) at pc=0x00007ff83f69b2d7]

VM state: not at safepoint (not fully initialized)

VM Mutex/Monitor currently owned by a thread:  ([mutex/lock_event])
[0x00000233a6de00c0] Heap_lock - owner thread: 0x00000233a6de51b0

Heap address: 0x0000000084800000, size: 1976 MB, Compressed Oops mode: 32-bit

CDS archive(s) mapped at: [0x0000000000000000-0x0000000000000000-0x0000000000000000), size 0, SharedBaseAddress: 0x0000000800000000, ArchiveRelocationMode: 1.
Narrow klass base: 0x0000000000000000, Narrow klass shift: 0, Narrow klass range: 0x0

GC Precious Log:
<Empty>

Heap:
 garbage-first heap   total 0K, used 0K [0x0000000084800000, 0x0000000100000000)
  region size 1024K, 0 young (0K), 0 survivors (0K)

[error occurred during error reporting (printing heap information), id 0xc0000005, EXCEPTION_ACCESS_VIOLATION (0xc0000005) at pc=0x00007ff83fa82229]

GC Heap History (0 events):
No events

Deoptimization events (0 events):
No events

Classes unloaded (0 events):
No events

Classes redefined (0 events):
No events

Internal exceptions (0 events):
No events

VM Operations (0 events):
No events

Events (1 events):
Event: 0.027 Loaded shared library C:\Program Files\Java\jdk-17\bin\java.dll


Dynamic libraries:
0x00007ff69e050000 - 0x00007ff69e060000 	C:\Program Files\Java\jdk-17\bin\java.exe
0x00007ff8d6c50000 - 0x00007ff8d6e67000 	C:\Windows\SYSTEM32\ntdll.dll
0x00007ff8d6970000 - 0x00007ff8d6a34000 	C:\Windows\System32\KERNEL32.DLL
0x00007ff8d43b0000 - 0x00007ff8d4756000 	C:\Windows\System32\KERNELBASE.dll
0x00007ff8d3f90000 - 0x00007ff8d40a1000 	C:\Windows\System32\ucrtbase.dll
0x00007ff8ba850000 - 0x00007ff8ba86b000 	C:\Program Files\Java\jdk-17\bin\VCRUNTIME140.dll
0x00007ff8ba870000 - 0x00007ff8ba889000 	C:\Program Files\Java\jdk-17\bin\jli.dll
0x00007ff8d4b70000 - 0x00007ff8d4c23000 	C:\Windows\System32\ADVAPI32.dll
0x00007ff8d4ce0000 - 0x00007ff8d4d87000 	C:\Windows\System32\msvcrt.dll
0x00007ff8d5cb0000 - 0x00007ff8d5d58000 	C:\Windows\System32\sechost.dll
0x00007ff8d42c0000 - 0x00007ff8d42e8000 	C:\Windows\System32\bcrypt.dll
0x00007ff8d6260000 - 0x00007ff8d6377000 	C:\Windows\System32\RPCRT4.dll
0x00007ff8d5eb0000 - 0x00007ff8d605e000 	C:\Windows\System32\USER32.dll
0x00007ff8d40b0000 - 0x00007ff8d40d6000 	C:\Windows\System32\win32u.dll
0x00007ff8bd990000 - 0x00007ff8bdc23000 	C:\Windows\WinSxS\amd64_microsoft.windows.common-controls_6595b64144ccf1df_6.0.22621.2506_none_270c5ae97388e100\COMCTL32.dll
0x00007ff8d67a0000 - 0x00007ff8d67c9000 	C:\Windows\System32\GDI32.dll
0x00007ff8d4760000 - 0x00007ff8d4878000 	C:\Windows\System32\gdi32full.dll
0x00007ff8d4900000 - 0x00007ff8d499a000 	C:\Windows\System32\msvcp_win.dll
0x00007ff8d2b70000 - 0x00007ff8d2b7a000 	C:\Windows\SYSTEM32\VERSION.dll
0x00007ff8d6710000 - 0x00007ff8d6741000 	C:\Windows\System32\IMM32.DLL
0x00007ff8bcca0000 - 0x00007ff8bccac000 	C:\Program Files\Java\jdk-17\bin\vcruntime140_1.dll
0x00007ff8ae840000 - 0x00007ff8ae8ce000 	C:\Program Files\Java\jdk-17\bin\msvcp140.dll
0x00007ff83f3b0000 - 0x00007ff83ff91000 	C:\Program Files\Java\jdk-17\bin\server\jvm.dll
0x00007ff8d6860000 - 0x00007ff8d6868000 	C:\Windows\System32\PSAPI.DLL
0x00007ff8b3830000 - 0x00007ff8b3839000 	C:\Windows\SYSTEM32\WSOCK32.dll
0x00007ff8c99b0000 - 0x00007ff8c99e4000 	C:\Windows\SYSTEM32\WINMM.dll
0x00007ff8d6060000 - 0x00007ff8d60d1000 	C:\Windows\System32\WS2_32.dll
0x00007ff8d2f80000 - 0x00007ff8d2f98000 	C:\Windows\SYSTEM32\kernel.appcore.dll
0x00007ff8bc460000 - 0x00007ff8bc46a000 	C:\Program Files\Java\jdk-17\bin\jimage.dll
0x00007ff8d14f0000 - 0x00007ff8d1723000 	C:\Windows\SYSTEM32\DBGHELP.DLL
0x00007ff8d6380000 - 0x00007ff8d6709000 	C:\Windows\System32\combase.dll
0x00007ff8d5d60000 - 0x00007ff8d5e37000 	C:\Windows\System32\OLEAUT32.dll
0x00007ff8a7500000 - 0x00007ff8a7532000 	C:\Windows\SYSTEM32\dbgcore.DLL
0x00007ff8d4880000 - 0x00007ff8d48fa000 	C:\Windows\System32\bcryptPrimitives.dll
0x00007ff8d0a70000 - 0x00007ff8d0a7e000 	C:\Program Files\Java\jdk-17\bin\instrument.dll
0x00007ff8ba820000 - 0x00007ff8ba845000 	C:\Program Files\Java\jdk-17\bin\java.dll

dbghelp: loaded successfully - version: 4.0.5 - missing functions: none
symbol engine: initialized successfully - sym options: 0x614 - pdb path: .;C:\Program Files\Java\jdk-17\bin;C:\Windows\SYSTEM32;C:\Windows\WinSxS\amd64_microsoft.windows.common-controls_6595b64144ccf1df_6.0.22621.2506_none_270c5ae97388e100;C:\Program Files\Java\jdk-17\bin\server

VM Arguments:
jvm_args: -javaagent:C:\Program Files\JetBrains\IntelliJ IDEA Community Edition 2023.3.2\lib\idea_rt.jar=59229:C:\Program Files\JetBrains\IntelliJ IDEA Community Edition 2023.3.2\bin -Dfile.encoding=UTF-8 
java_command: com.example.DemoApp.DemoAppApplication
java_class_path (initial): C:\Users\IRIS\Downloads\DemoApp\DemoApp\target\classes;C:\Users\IRIS\.m2\repository\org\springframework\boot\spring-boot-starter-web\3.2.1\spring-boot-starter-web-3.2.1.jar;C:\Users\IRIS\.m2\repository\org\springframework\boot\spring-boot-starter\3.2.1\spring-boot-starter-3.2.1.jar;C:\Users\IRIS\.m2\repository\org\springframework\boot\spring-boot-starter-logging\3.2.1\spring-boot-starter-logging-3.2.1.jar;C:\Users\IRIS\.m2\repository\ch\qos\logback\logback-classic\1.4.14\logback-classic-1.4.14.jar;C:\Users\IRIS\.m2\repository\ch\qos\logback\logback-core\1.4.14\logback-core-1.4.14.jar;C:\Users\IRIS\.m2\repository\org\apache\logging\log4j\log4j-to-slf4j\2.21.1\log4j-to-slf4j-2.21.1.jar;C:\Users\IRIS\.m2\repository\org\apache\logging\log4j\log4j-api\2.21.1\log4j-api-2.21.1.jar;C:\Users\IRIS\.m2\repository\org\slf4j\jul-to-slf4j\2.0.9\jul-to-slf4j-2.0.9.jar;C:\Users\IRIS\.m2\repository\jakarta\annotation\jakarta.annotation-api\2.1.1\jakarta.annotation-api-2.1.1.jar;C:\Users\IRIS\.m2\repository\org\yaml\snakeyaml\2.2\snakeyaml-2.2.jar;C:\Users\IRIS\.m2\repository\org\springframework\boot\spring-boot-starter-json\3.2.1\spring-boot-starter-json-3.2.1.jar;C:\Users\IRIS\.m2\repository\com\fasterxml\jackson\core\jackson-databind\2.15.3\jackson-databind-2.15.3.jar;C:\Users\IRIS\.m2\repository\com\fasterxml\jackson\core\jackson-annotations\2.15.3\jackson-annotations-2.15.3.jar;C:\Users\IRIS\.m2\repository\com\fasterxml\jackson\core\jackson-core\2.15.3\jackson-core-2.15.3.jar;C:\Users\IRIS\.m2\repository\com\fasterxml\jackson\datatype\jackson-datatype-jdk8\2.15.3\jackson-datatype-jdk8-2.15.3.jar;C:\Users\IRIS\.m2\repository\com\fasterxml\jackson\datatype\jackson-datatype-jsr310\2.15.3\jackson-datatype-jsr310-2.15.3.jar;C:\Users\IRIS\.m2\repository\com\fasterxml\jackson\module\jackson-module-parameter-names\2.15.3\jackson-module-parameter-names-2.15.3.jar;C:\Users\IRIS\.m2\repository\org\springframework\boot\spring-boot-starter-tomcat\3.2.1\spring-boo
Launcher Type: SUN_STANDARD

[Global flags]
     intx CICompilerCount                          = 4                                         {product} {ergonomic}
     uint ConcGCThreads                            = 3                                         {product} {ergonomic}
     uint G1ConcRefinementThreads                  = 10                                        {product} {ergonomic}
   size_t G1HeapRegionSize                         = 1048576                                   {product} {ergonomic}
    uintx GCDrainStackTargetSize                   = 64                                        {product} {ergonomic}
   size_t InitialHeapSize                          = 130023424                                 {product} {ergonomic}
   size_t MarkStackSize                            = 4194304                                   {product} {ergonomic}
   size_t MaxHeapSize                              = 2071986176                                {product} {ergonomic}
   size_t MinHeapDeltaBytes                        = 1048576                                   {product} {ergonomic}
   size_t MinHeapSize                              = 8388608                                   {product} {ergonomic}
    uintx NonNMethodCodeHeapSize                   = 5839372                                {pd product} {ergonomic}
    uintx NonProfiledCodeHeapSize                  = 122909434                              {pd product} {ergonomic}
    uintx ProfiledCodeHeapSize                     = 122909434                              {pd product} {ergonomic}
    uintx ReservedCodeCacheSize                    = 251658240                              {pd product} {ergonomic}
     bool SegmentedCodeCache                       = true                                      {product} {ergonomic}
   size_t SoftMaxHeapSize                          = 2071986176                             {manageable} {ergonomic}
     bool UseCompressedClassPointers               = true                           {product lp64_product} {ergonomic}
     bool UseCompressedOops                        = true                           {product lp64_product} {ergonomic}
     bool UseG1GC                                  = true                                      {product} {ergonomic}
     bool UseLargePagesIndividualAllocation        = false                                  {pd product} {ergonomic}

Logging:
Log output configuration:
 #0: stdout all=warning uptime,level,tags
 #1: stderr all=off uptime,level,tags

Environment Variables:
JAVA_HOME=C:\Program Files\Java\jdk-17
PATH=C:\Program Files\Common Files\Oracle\Java\javapath;C:\Windows\system32;C:\Windows;C:\Windows\System32\Wbem;C:\Windows\System32\WindowsPowerShell\v1.0\;C:\Windows\System32\OpenSSH\;C:\Program Files\dotnet\;C:\Program Files\nodejs\;C:\Users\IRIS\AppData\Local\Microsoft\WindowsApps;C:\Users\IRIS\AppData\Local\Programs\Microsoft VS Code\bin;C:\Program Files\JetBrains\IntelliJ IDEA Community Edition 2023.3.2\bin;;C:\Users\IRIS\AppData\Roaming\npm;C:\Program Files\apache-maven-3.9.6-bin\apache-maven-3.9.6\bin;
USERNAME=IRIS
OS=Windows_NT
PROCESSOR_IDENTIFIER=Intel64 Family 6 Model 154 Stepping 4, GenuineIntel



---------------  S Y S T E M  ---------------

OS:
 Windows 11 , 64 bit Build 22621 (10.0.22621.2506)
OS uptime: 0 days 2:55 hours
Hyper-V role detected

CPU: total 12 (initial active 12) (6 cores per cpu, 2 threads per core) family 6 model 154 stepping 4 microcode 0x42a, cx8, cmov, fxsr, ht, mmx, 3dnowpref, sse, sse2, sse3, ssse3, sse4.1, sse4.2, popcnt, lzcnt, tsc, tscinvbit, avx, avx2, aes, erms, clmul, bmi1, bmi2, adx, sha, fma, vzeroupper, clflush, clflushopt, clwb, hv

Memory: 4k page, system-wide physical 7900M (530M free)
TotalPageFile size 12900M (AvailPageFile size 37M)
current process WorkingSet (physical memory assigned to process): 11M, peak: 11M
current process commit charge ("private bytes"): 64M, peak: 188M

vm_info: Java HotSpot(TM) 64-Bit Server VM (17.0.9+11-LTS-201) for windows-amd64 JRE (17.0.9+11-LTS-201), built on Oct 10 2023 23:16:06 by "mach5one" with MS VC++ 17.1 (VS2022)

END.
